24.07.2024 12:06:55	Запуск сервера
24.07.2024 12:06:55	Прослушиваю порт 48999 на наличие клиентов
24.07.2024 12:06:55	FPS система (мл.сек) :200
24.07.2024 12:06:55	FPS  из файла (кадр/сек) :5
24.07.2024 12:06:55	Colordepth система :16 bit
24.07.2024 12:06:52	Colordepth из файла :16 bit
25.05.2022 14:47:35	Полное закрытие сеанса
25.05.2022 14:47:35	Отключение клиента
25.05.2022 13:45:11	Запуск сервера
25.05.2022 13:45:11	FPS система (мл.сек) :200
25.05.2022 13:45:11	FPS  из файла (кадр/сек) :5
25.05.2022 13:45:11	Colordepth система :16 bit
25.05.2022 13:45:11	Colordepth из файла :16 bit
25.05.2022 13:45:11	Настройка параметров нового сеанса
25.05.2022 13:45:11	подключение от компьютера - SkrybinAL.urigps.domain.ru / IP-адрес - 192.168.1.96 / Порт - 52565/Участник №1
25.05.2022 13:45:11	Подключение клиента
25.05.2022 13:45:09	Полное закрытие сеанса
25.05.2022 13:45:09	Отключение клиента
25.05.2022 13:33:58	Запуск сервера
25.05.2022 13:33:58	FPS система (мл.сек) :200
25.05.2022 13:33:58	FPS  из файла (кадр/сек) :5
25.05.2022 13:33:58	Colordepth система :16 bit
25.05.2022 13:33:58	Colordepth из файла :16 bit
25.05.2022 13:33:58	Настройка параметров нового сеанса
25.05.2022 13:33:58	подключение от компьютера - SkrybinAL.urigps.domain.ru / IP-адрес - 192.168.1.96 / Порт - 52162/Участник №1
25.05.2022 13:33:58	Подключение клиента
25.05.2022 13:32:14	Полное закрытие сеанса
25.05.2022 13:32:14	Отключение клиента
25.05.2022 13:32:01	Administrator - подключился к сеансу
25.05.2022 13:32:01	Administrator подключается к сеансу
25.05.2022 13:31:58	Запуск сервера
25.05.2022 13:31:58	FPS система (мл.сек) :200
25.05.2022 13:31:58	FPS  из файла (кадр/сек) :5
25.05.2022 13:31:58	Colordepth система :16 bit
25.05.2022 13:31:58	Colordepth из файла :16 bit
25.05.2022 13:31:58	Настройка параметров нового сеанса
25.05.2022 13:31:58	подключение от компьютера - SkrybinAL.urigps.domain.ru / IP-адрес - 192.168.1.96 / Порт - 52079/Участник №1
25.05.2022 13:31:58	Подключение клиента
25.05.2022 13:28:52	Полное закрытие сеанса
25.05.2022 13:28:51	Отключение клиента
25.05.2022 13:27:40	Настройка параметров нового сеанса
25.05.2022 13:27:40	подключение от компьютера - SkrybinAL.urigps.domain.ru / IP-адрес - 192.168.1.96 / Порт - 51926/Участник №1
25.05.2022 13:27:40	Подключение клиента
25.05.2022 13:26:40	Запуск сервера
25.05.2022 13:26:40	Прослушиваю порт 48999 на наличие клиентов
25.05.2022 13:26:40	FPS система (мл.сек) :200
25.05.2022 13:26:40	FPS  из файла (кадр/сек) :5
25.05.2022 13:26:40	Colordepth система :16 bit
25.05.2022 13:26:40	Colordepth из файла :16 bit

