
SKRYBIN	Thu Apr 29 22:24:48 2021
	INET/inet_error: read errno = 10054, server host = localhost, address = 127.0.0.1/3050


SKRYBIN	Thu Apr 29 22:24:48 2021
	INET/inet_error: read errno = 10054, server host = localhost, address = 127.0.0.1/3050


SKRYBIN	Wed May 05 12:33:33 2021
	INET/inet_error: read errno = 10053, server host = localhost, address = 127.0.0.1/3050


SKRYBIN	Wed May 05 12:33:33 2021
	REMOTE INTERFACE/gds__detach: Unsuccesful detach from database.
	Uncommitted work may have been lost.
	Error writing data to the connection.


SKRYBIN	Wed May 12 14:51:34 2021
	INET/inet_error: send errno = 10038, server host = localhost, address = 127.0.0.1/3050


SKRYBIN	Wed May 12 14:51:34 2021
	REMOTE INTERFACE/gds__detach: Unsuccesful detach from database.
	Uncommitted work may have been lost.
	Error writing data to the connection.


SKRYBIN	Mon May 24 16:54:10 2021
	INET/inet_error: send errno = 10054, server host = localhost, address = 127.0.0.1/3050


SKRYBIN	Mon May 24 16:54:11 2021
	REMOTE INTERFACE/gds__detach: Unsuccesful detach from database.
	Uncommitted work may have been lost.
	Error writing data to the connection.


SKRYBIN	Tue Jun 01 14:13:25 2021
	INET/inet_error: send errno = 10038, server host = localhost, address = 127.0.0.1/3050


SKRYBIN	Tue Jun 01 14:13:26 2021
	REMOTE INTERFACE/gds__detach: Unsuccesful detach from database.
	Uncommitted work may have been lost.
	Error writing data to the connection.


SKRYBIN	Wed Jun 09 21:52:40 2021
	INET/inet_error: send errno = 10053, server host = localhost, address = 127.0.0.1/3050


SKRYBIN	Wed Jun 09 21:52:40 2021
	REMOTE INTERFACE/gds__detach: Unsuccesful detach from database.
	Uncommitted work may have been lost.
	Error writing data to the connection.


SKRYBIN	Thu Jun 10 16:35:20 2021
	INET/inet_error: send errno = 10038, server host = localhost, address = 127.0.0.1/3050


SKRYBIN	Thu Jun 10 16:35:20 2021
	REMOTE INTERFACE/gds__detach: Unsuccesful detach from database.
	Uncommitted work may have been lost.
	Error writing data to the connection.


SKRYBIN	Thu Jun 10 16:35:20 2021
	INET/INET_connect: getaddrinfo(localhost,3050) failed: При просмотре базы данных произошла неисправимая ошибка. 


SKRYBIN	Fri Jul 30 08:20:52 2021
	INET/inet_error: send errno = 10038, server host = localhost, address = 127.0.0.1/3050


SKRYBIN	Fri Jul 30 08:20:53 2021
	REMOTE INTERFACE/gds__detach: Unsuccesful detach from database.
	Uncommitted work may have been lost.
	Error writing data to the connection.


SKRYBIN	Fri Jul 30 08:20:56 2021
	INET/INET_connect: getaddrinfo(localhost,3050) failed: При просмотре базы данных произошла неисправимая ошибка. 


SKRYBIN	Fri Feb 04 09:35:33 2022
	INET/inet_error: read errno = 10054, server host = localhost, address = 127.0.0.1/3050


SKRYBIN	Fri Feb 04 09:35:40 2022
	REMOTE INTERFACE/gds__detach: Unsuccesful detach from database.
	Uncommitted work may have been lost.
	Error writing data to the connection.


SKRYBINAL	Sun Mar 06 14:52:32 2022
	INET/inet_error: send errno = 10053, server host = localhost, address = ::1/3050


SKRYBINAL	Sun Mar 06 14:52:33 2022
	REMOTE INTERFACE/gds__detach: Unsuccesful detach from database.
	Uncommitted work may have been lost.
	Error writing data to the connection.

