03.05.2018 8:11:16	Запуск сервера
03.05.2018 8:11:16	Прослушиваю порт 48999 на наличие клиентов
29.04.2018 10:35:51	Запуск сервера
29.04.2018 10:35:51	Прослушиваю порт 48999 на наличие клиентов
29.04.2018 7:51:16	Запуск сервера
29.04.2018 7:51:16	Прослушиваю порт 48999 на наличие клиентов
28.04.2018 17:25:45	Запуск сервера
28.04.2018 17:25:45	Прослушиваю порт 48999 на наличие клиентов
28.04.2018 17:18:40	Запуск сервера
28.04.2018 17:18:40	Прослушиваю порт 48999 на наличие клиентов
28.04.2018 17:17:46	Запуск сервера
28.04.2018 17:17:46	Прослушиваю порт 48999 на наличие клиентов
28.04.2018 17:17:45	Создаю файл настроек
28.04.2018 17:11:09	Запуск сервера
28.04.2018 17:11:09	Прослушиваю порт 48999 на наличие клиентов
28.04.2018 17:10:01	Запуск сервера
28.04.2018 17:10:01	Прослушиваю порт 48999 на наличие клиентов
28.04.2018 17:09:08	Запуск сервера
28.04.2018 17:09:08	Прослушиваю порт 48999 на наличие клиентов
28.04.2018 17:08:22	Запуск сервера
28.04.2018 17:08:22	Прослушиваю порт 48999 на наличие клиентов
28.04.2018 17:01:12	Запуск сервера
28.04.2018 17:01:12	Прослушиваю порт 48999 на наличие клиентов
28.04.2018 16:46:39	Запуск сервера
28.04.2018 16:46:39	Прослушиваю порт 48999 на наличие клиентов
28.04.2018 16:46:05	Запуск сервера
28.04.2018 16:46:05	Прослушиваю порт 48999 на наличие клиентов
28.04.2018 16:45:41	Запуск сервера
28.04.2018 16:45:41	Прослушиваю порт 48999 на наличие клиентов
28.04.2018 16:44:27	Запуск сервера
28.04.2018 16:44:27	Прослушиваю порт 48999 на наличие клиентов
28.04.2018 16:43:16	Запуск сервера
28.04.2018 16:43:16	Прослушиваю порт 48999 на наличие клиентов
28.04.2018 16:42:45	Запуск сервера
28.04.2018 16:42:45	Прослушиваю порт 48999 на наличие клиентов
28.04.2018 16:42:24	Запуск сервера
28.04.2018 16:42:24	Прослушиваю порт 48999 на наличие клиентов
28.04.2018 16:41:17	Запуск сервера
28.04.2018 16:41:17	Прослушиваю порт 48999 на наличие клиентов
28.04.2018 16:41:00	Запуск сервера
28.04.2018 16:41:00	Прослушиваю порт 48999 на наличие клиентов
28.04.2018 16:40:40	Запуск сервера
28.04.2018 16:40:40	Прослушиваю порт 48999 на наличие клиентов
28.04.2018 16:40:10	Запуск сервера
28.04.2018 16:40:10	Прослушиваю порт 48999 на наличие клиентов
28.04.2018 16:39:47	Запуск сервера
28.04.2018 16:39:47	Прослушиваю порт 48999 на наличие клиентов
28.04.2018 16:39:26	Запуск сервера
28.04.2018 16:39:26	Прослушиваю порт 48999 на наличие клиентов
28.04.2018 16:36:46	Запуск сервера
28.04.2018 16:36:46	Прослушиваю порт 48999 на наличие клиентов
28.04.2018 16:34:37	Запуск сервера
28.04.2018 16:34:37	Прослушиваю порт 48999 на наличие клиентов
28.04.2018 16:34:13	Запуск сервера
28.04.2018 16:34:13	Прослушиваю порт 48999 на наличие клиентов
28.04.2018 16:30:52	Запуск сервера
28.04.2018 16:30:52	Прослушиваю порт 48999 на наличие клиентов
28.04.2018 16:30:07	Запуск сервера
28.04.2018 16:30:07	Прослушиваю порт 48999 на наличие клиентов
28.04.2018 16:29:43	Запуск сервера
28.04.2018 16:29:43	Прослушиваю порт 48999 на наличие клиентов
28.04.2018 16:28:57	Запуск сервера
28.04.2018 16:28:57	Прослушиваю порт 48999 на наличие клиентов
28.04.2018 16:28:06	Запуск сервера
28.04.2018 16:28:06	Прослушиваю порт 48999 на наличие клиентов
28.04.2018 16:27:18	Запуск сервера
28.04.2018 16:27:18	Прослушиваю порт 48999 на наличие клиентов
28.04.2018 16:26:28	Запуск сервера
28.04.2018 16:26:28	Прослушиваю порт 48999 на наличие клиентов
28.04.2018 16:25:47	Запуск сервера
28.04.2018 16:25:47	Прослушиваю порт 48999 на наличие клиентов
28.04.2018 16:24:41	Запуск сервера
28.04.2018 16:24:41	Прослушиваю порт 48999 на наличие клиентов
28.04.2018 16:24:14	Запуск сервера
28.04.2018 16:24:14	Прослушиваю порт 48999 на наличие клиентов
28.04.2018 16:23:50	Запуск сервера
28.04.2018 16:23:50	Прослушиваю порт 48999 на наличие клиентов
28.04.2018 16:23:15	Запуск сервера
28.04.2018 16:23:15	Прослушиваю порт 48999 на наличие клиентов
28.04.2018 16:21:43	Запуск сервера
28.04.2018 16:21:43	Прослушиваю порт 48999 на наличие клиентов
28.04.2018 16:21:07	Запуск сервера
28.04.2018 16:21:07	Прослушиваю порт 48999 на наличие клиентов
28.04.2018 16:18:36	Запуск сервера
28.04.2018 16:18:36	Прослушиваю порт 48999 на наличие клиентов
28.04.2018 16:18:06	Запуск сервера
28.04.2018 16:18:06	Прослушиваю порт 48999 на наличие клиентов
28.04.2018 16:17:34	Запуск сервера
28.04.2018 16:17:34	Прослушиваю порт 48999 на наличие клиентов
28.04.2018 16:17:01	Запуск сервера
28.04.2018 16:17:01	Прослушиваю порт 48999 на наличие клиентов
28.04.2018 16:16:24	Запуск сервера
28.04.2018 16:16:24	Прослушиваю порт 48999 на наличие клиентов
28.04.2018 16:14:55	Запуск сервера
28.04.2018 16:14:55	Прослушиваю порт 48999 на наличие клиентов
28.04.2018 16:14:04	Запуск сервера
28.04.2018 16:14:04	Прослушиваю порт 48999 на наличие клиентов
28.04.2018 16:12:26	Запуск сервера
28.04.2018 16:12:26	Прослушиваю порт 48999 на наличие клиентов
28.04.2018 16:11:33	Запуск сервера
28.04.2018 16:11:33	Прослушиваю порт 48999 на наличие клиентов
28.04.2018 16:11:00	Запуск сервера
28.04.2018 16:11:00	Прослушиваю порт 48999 на наличие клиентов
28.04.2018 16:09:31	Запуск сервера
28.04.2018 16:09:31	Прослушиваю порт 48999 на наличие клиентов
28.04.2018 15:54:08	Запуск сервера
28.04.2018 15:54:08	Прослушиваю порт 48999 на наличие клиентов
28.04.2018 15:52:38	Запуск сервера
28.04.2018 15:52:38	Прослушиваю порт 48999 на наличие клиентов
28.04.2018 15:50:26	Запуск сервера
28.04.2018 15:50:26	Прослушиваю порт 48999 на наличие клиентов
28.04.2018 15:49:50	Запуск сервера
28.04.2018 15:49:50	Прослушиваю порт 48999 на наличие клиентов
28.04.2018 15:48:31	Запуск сервера
28.04.2018 15:48:31	Прослушиваю порт 48999 на наличие клиентов
28.04.2018 15:47:52	Запуск сервера
28.04.2018 15:47:52	Прослушиваю порт 48999 на наличие клиентов
28.04.2018 15:45:59	Запуск сервера
28.04.2018 15:45:59	Прослушиваю порт 48999 на наличие клиентов
28.04.2018 15:44:17	Запуск сервера
28.04.2018 15:44:17	Прослушиваю порт 48999 на наличие клиентов
28.04.2018 15:43:45	Запуск сервера
28.04.2018 15:43:45	Прослушиваю порт 48999 на наличие клиентов
28.04.2018 15:40:43	Запуск сервера
28.04.2018 15:40:43	Прослушиваю порт 48999 на наличие клиентов
28.04.2018 15:38:38	Запуск сервера
28.04.2018 15:38:38	Прослушиваю порт 48999 на наличие клиентов
28.04.2018 15:38:01	Запуск сервера
28.04.2018 15:38:01	Прослушиваю порт 48999 на наличие клиентов
28.04.2018 15:36:58	Запуск сервера
28.04.2018 15:36:58	Прослушиваю порт 48999 на наличие клиентов
28.04.2018 15:35:41	Запуск сервера
28.04.2018 15:35:41	Прослушиваю порт 48999 на наличие клиентов
28.04.2018 15:32:29	Запуск сервера
28.04.2018 15:32:29	Прослушиваю порт 48999 на наличие клиентов
28.04.2018 15:30:38	Запуск сервера
28.04.2018 15:30:38	Прослушиваю порт 48999 на наличие клиентов
28.04.2018 15:28:04	Запуск сервера
28.04.2018 15:28:04	Прослушиваю порт 48999 на наличие клиентов
28.04.2018 15:27:41	Запуск сервера
28.04.2018 15:27:41	Прослушиваю порт 48999 на наличие клиентов
28.04.2018 15:26:57	Запуск сервера
28.04.2018 15:26:57	Прослушиваю порт 48999 на наличие клиентов
28.04.2018 15:26:13	Запуск сервера
28.04.2018 15:26:13	Прослушиваю порт 48999 на наличие клиентов
28.04.2018 15:25:46	Запуск сервера
28.04.2018 15:25:46	Прослушиваю порт 48999 на наличие клиентов
28.04.2018 15:24:11	Запуск сервера
28.04.2018 15:24:11	Прослушиваю порт 48999 на наличие клиентов
28.04.2018 15:23:44	Запуск сервера
28.04.2018 15:23:44	Прослушиваю порт 48999 на наличие клиентов
28.04.2018 15:19:15	Запуск сервера
28.04.2018 15:19:15	Прослушиваю порт 48999 на наличие клиентов
28.04.2018 15:18:10	Запуск сервера
28.04.2018 15:18:10	Прослушиваю порт 48999 на наличие клиентов
28.04.2018 15:15:26	Запуск сервера
28.04.2018 15:15:26	Прослушиваю порт 48999 на наличие клиентов
28.04.2018 15:13:41	Запуск сервера
28.04.2018 15:13:41	Прослушиваю порт 48999 на наличие клиентов
28.04.2018 15:12:36	Запуск сервера
28.04.2018 15:12:36	Прослушиваю порт 48999 на наличие клиентов
28.04.2018 15:11:39	Запуск сервера
28.04.2018 15:11:39	Прослушиваю порт 48999 на наличие клиентов
28.04.2018 14:48:26	Запуск сервера
28.04.2018 14:48:26	Прослушиваю порт 48999 на наличие клиентов
28.04.2018 14:36:27	Запуск сервера
28.04.2018 14:36:27	Прослушиваю порт 48999 на наличие клиентов
28.04.2018 14:23:30	Запуск сервера
28.04.2018 14:23:30	Прослушиваю порт 48999 на наличие клиентов
28.04.2018 13:45:05	Запуск сервера
28.04.2018 13:45:05	Прослушиваю порт 48999 на наличие клиентов
28.04.2018 13:40:47	Запуск сервера
28.04.2018 13:40:47	Прослушиваю порт 48999 на наличие клиентов
28.04.2018 13:40:06	Запуск сервера
28.04.2018 13:40:06	Прослушиваю порт 48999 на наличие клиентов
28.04.2018 13:30:17	Запуск сервера
28.04.2018 13:30:17	Прослушиваю порт 48999 на наличие клиентов
28.04.2018 13:29:21	Запуск сервера
28.04.2018 13:29:21	Прослушиваю порт 48999 на наличие клиентов
28.04.2018 13:23:58	Запуск сервера
28.04.2018 13:23:58	Прослушиваю порт 48999 на наличие клиентов
28.04.2018 13:23:12	Запуск сервера
28.04.2018 13:23:12	Прослушиваю порт 48999 на наличие клиентов
28.04.2018 12:53:18	Запуск сервера
28.04.2018 12:53:18	Прослушиваю порт 48999 на наличие клиентов
28.04.2018 12:52:34	Запуск сервера
28.04.2018 12:52:34	Прослушиваю порт 48999 на наличие клиентов
28.04.2018 12:46:20	Запуск сервера
28.04.2018 12:46:20	Прослушиваю порт 48999 на наличие клиентов
28.04.2018 12:35:21	Запуск сервера
28.04.2018 12:35:21	Прослушиваю порт 48999 на наличие клиентов
28.04.2018 12:04:39	Запуск сервера
28.04.2018 12:04:39	Прослушиваю порт 48999 на наличие клиентов
28.04.2018 12:02:51	Запуск сервера
28.04.2018 12:02:51	Прослушиваю порт 48999 на наличие клиентов
27.04.2018 11:42:19	Запуск сервера
27.04.2018 11:42:19	Прослушиваю порт 48999 на наличие клиентов
27.04.2018 11:36:55	Запуск сервера
27.04.2018 11:36:55	Прослушиваю порт 48999 на наличие клиентов
27.04.2018 11:33:47	Запуск сервера
27.04.2018 11:33:47	Прослушиваю порт 48999 на наличие клиентов
27.04.2018 11:21:49	Запуск сервера
27.04.2018 11:21:49	Прослушиваю порт 48999 на наличие клиентов
27.04.2018 11:12:01	Запуск сервера
27.04.2018 11:12:01	Прослушиваю порт 48999 на наличие клиентов
27.04.2018 11:07:32	Запуск сервера
27.04.2018 11:07:32	Прослушиваю порт 48999 на наличие клиентов
27.04.2018 11:01:38	Запуск сервера
27.04.2018 11:01:38	Прослушиваю порт 48999 на наличие клиентов
27.04.2018 10:53:21	Запуск сервера
27.04.2018 10:53:21	Прослушиваю порт 48999 на наличие клиентов
27.04.2018 10:48:19	Запуск сервера
27.04.2018 10:48:19	Прослушиваю порт 48999 на наличие клиентов
27.04.2018 10:48:19	Перезапуск сервера
27.04.2018 10:48:15	Запуск сервера
27.04.2018 10:48:15	Прослушиваю порт 48999 на наличие клиентов
27.04.2018 10:14:46	Запуск сервера
27.04.2018 10:14:46	Прослушиваю порт 48999 на наличие клиентов
27.04.2018 10:11:36	Запуск сервера
27.04.2018 10:11:36	Прослушиваю порт 48999 на наличие клиентов
27.04.2018 10:09:59	Запуск сервера
27.04.2018 10:09:59	Прослушиваю порт 48999 на наличие клиентов
27.04.2018 10:08:39	Запуск сервера
27.04.2018 10:08:39	Прослушиваю порт 48999 на наличие клиентов
27.04.2018 10:04:32	Запуск сервера
27.04.2018 10:04:32	Прослушиваю порт 48999 на наличие клиентов
27.04.2018 9:46:03	Запуск сервера
27.04.2018 9:46:03	Прослушиваю порт 48999 на наличие клиентов
27.04.2018 9:41:28	Запуск сервера
27.04.2018 9:41:28	Прослушиваю порт 48999 на наличие клиентов
27.04.2018 9:37:12	Запуск сервера
27.04.2018 9:37:12	Прослушиваю порт 48999 на наличие клиентов
27.04.2018 9:35:43	Запуск сервера
27.04.2018 9:35:43	Прослушиваю порт 48999 на наличие клиентов
27.04.2018 9:28:43	Запуск сервера
27.04.2018 9:28:43	Прослушиваю порт 48999 на наличие клиентов
27.04.2018 8:50:12	Запуск сервера
27.04.2018 8:50:12	Прослушиваю порт 48999 на наличие клиентов
27.04.2018 8:47:15	Запуск сервера
27.04.2018 8:47:15	Прослушиваю порт 48999 на наличие клиентов
27.04.2018 8:44:59	Запуск сервера
27.04.2018 8:44:59	Прослушиваю порт 48999 на наличие клиентов
27.04.2018 8:39:21	Запуск сервера
27.04.2018 8:39:21	Прослушиваю порт 48999 на наличие клиентов
27.04.2018 8:38:49	Запуск сервера
27.04.2018 8:38:49	Прослушиваю порт 48999 на наличие клиентов
27.04.2018 8:31:45	Запуск сервера
27.04.2018 8:31:45	Прослушиваю порт 48999 на наличие клиентов
27.04.2018 8:22:13	Запуск сервера
27.04.2018 8:22:13	Прослушиваю порт 48999 на наличие клиентов
27.04.2018 8:22:13	Перезапуск сервера
27.04.2018 8:22:10	Запуск сервера
27.04.2018 8:22:10	Прослушиваю порт 48999 на наличие клиентов
27.04.2018 7:58:23	Запуск сервера
27.04.2018 7:58:23	Прослушиваю порт 48999 на наличие клиентов
27.04.2018 7:58:23	Перезапуск сервера
27.04.2018 7:58:22	Запуск сервера
27.04.2018 7:58:22	Прослушиваю порт 48999 на наличие клиентов
27.04.2018 7:58:22	Перезапуск сервера
27.04.2018 7:58:22	Запуск сервера
27.04.2018 7:58:22	Прослушиваю порт 48999 на наличие клиентов
27.04.2018 7:58:22	Перезапуск сервера
27.04.2018 7:58:22	Запуск сервера
27.04.2018 7:58:22	Прослушиваю порт 48999 на наличие клиентов
27.04.2018 7:58:22	Перезапуск сервера
27.04.2018 7:58:22	Запуск сервера
27.04.2018 7:58:22	Прослушиваю порт 48999 на наличие клиентов
27.04.2018 7:58:22	Перезапуск сервера
27.04.2018 7:58:22	Запуск сервера
27.04.2018 7:58:22	Прослушиваю порт 48999 на наличие клиентов
27.04.2018 7:58:22	Перезапуск сервера
27.04.2018 7:58:22	Запуск сервера
27.04.2018 7:58:22	Прослушиваю порт 48999 на наличие клиентов
27.04.2018 7:58:22	Перезапуск сервера
27.04.2018 7:58:21	Запуск сервера
27.04.2018 7:58:21	Прослушиваю порт 48999 на наличие клиентов
27.04.2018 7:58:21	Перезапуск сервера
27.04.2018 7:58:20	Запуск сервера
27.04.2018 7:58:20	Прослушиваю порт 48999 на наличие клиентов
27.04.2018 7:58:20	Перезапуск сервера
27.04.2018 7:58:19	Запуск сервера
27.04.2018 7:58:19	Прослушиваю порт 48999 на наличие клиентов
27.04.2018 7:58:19	Перезапуск сервера
27.04.2018 7:58:16	Запуск сервера
27.04.2018 7:58:16	Прослушиваю порт 48999 на наличие клиентов
27.04.2018 7:52:04	Запуск сервера
27.04.2018 7:52:04	Прослушиваю порт 48999 на наличие клиентов
26.04.2018 23:17:24	Запуск сервера
26.04.2018 23:17:24	Прослушиваю порт 48999 на наличие клиентов
26.04.2018 23:11:43	Запуск сервера
26.04.2018 23:11:43	Прослушиваю порт 48999 на наличие клиентов
26.04.2018 23:06:37	Запуск сервера
26.04.2018 23:06:37	Прослушиваю порт 48999 на наличие клиентов
26.04.2018 23:06:37	Перезапуск сервера
26.04.2018 23:06:37	Запуск сервера
26.04.2018 23:06:37	Прослушиваю порт 48999 на наличие клиентов
26.04.2018 23:06:37	Перезапуск сервера
26.04.2018 23:06:36	Запуск сервера
26.04.2018 23:06:36	Прослушиваю порт 48999 на наличие клиентов
26.04.2018 23:06:36	Перезапуск сервера
26.04.2018 23:06:35	Запуск сервера
26.04.2018 23:06:35	Прослушиваю порт 48999 на наличие клиентов
26.04.2018 23:06:35	Перезапуск сервера
26.04.2018 23:06:34	Запуск сервера
26.04.2018 23:06:34	Прослушиваю порт 48999 на наличие клиентов
26.04.2018 23:02:17	Запуск сервера
26.04.2018 23:02:17	Прослушиваю порт 48999 на наличие клиентов
26.04.2018 22:57:10	Запуск сервера
26.04.2018 22:57:10	Прослушиваю порт 48999 на наличие клиентов
26.04.2018 22:00:11	Запуск сервера
26.04.2018 22:00:11	Прослушиваю порт 48999 на наличие клиентов
26.04.2018 21:20:42	Запуск сервера
26.04.2018 21:20:42	Прослушиваю порт 48999 на наличие клиентов
26.04.2018 21:06:06	приложения создает открытое окно верхнего уровня
26.04.2018 21:06:06	приложения создает открытое окно верхнего уровня
26.04.2018 21:06:06	Запуск сервера
26.04.2018 21:06:06	Прослушиваю порт 48999 на наличие клиентов
26.04.2018 21:03:53	Запуск сервера
26.04.2018 21:03:53	Прослушиваю порт 48999 на наличие клиентов
26.04.2018 20:52:58	Запуск сервера
26.04.2018 20:52:58	Прослушиваю порт 48999 на наличие клиентов
26.04.2018 16:32:19	Запуск сервера
26.04.2018 16:32:19	Прослушиваю порт 48999 на наличие клиентов
26.04.2018 16:30:07	Запуск сервера
26.04.2018 16:30:07	Прослушиваю порт 48999 на наличие клиентов
26.04.2018 16:05:31	Запуск сервера
26.04.2018 16:05:31	Прослушиваю порт 48999 на наличие клиентов
26.04.2018 15:50:46	Запуск сервера
26.04.2018 15:50:46	Прослушиваю порт 48999 на наличие клиентов
26.04.2018 15:43:03	Запуск сервера
26.04.2018 15:43:03	Прослушиваю порт 48999 на наличие клиентов
26.04.2018 14:49:24	Запуск сервера
26.04.2018 14:49:24	Прослушиваю порт 48999 на наличие клиентов
26.04.2018 14:33:48	Запуск сервера
26.04.2018 14:33:48	Прослушиваю порт 48999 на наличие клиентов
26.04.2018 14:27:02	Запуск сервера
26.04.2018 14:27:02	Прослушиваю порт 48999 на наличие клиентов
26.04.2018 14:14:01	Запуск сервера
26.04.2018 14:14:01	Прослушиваю порт 48999 на наличие клиентов
26.04.2018 13:48:39	Administrator - изменил уровень привелегий
26.04.2018 13:48:06	Administrator администратор подключился к сеансу
26.04.2018 13:48:06	Administrator подключается к сеансу
26.04.2018 13:48:02	подключение от компьютера - skrybin.urigps.domain.ru / IP-адрес - 172.16.0.96 / Порт - 42091/Участник №1
26.04.2018 13:48:02	Подключение клиента
26.04.2018 13:48:01	Участник отключается от сеанса
26.04.2018 13:48:01	Отключение клиента
26.04.2018 13:47:56	Administrator - изменил уровень привелегий
26.04.2018 13:47:32	Administrator - изменил уровень привелегий
26.04.2018 13:47:30	Administrator администратор подключился к сеансу
26.04.2018 13:47:30	Administrator подключается к сеансу
26.04.2018 13:47:25	подключение от компьютера - skrybin.urigps.domain.ru / IP-адрес - 172.16.0.96 / Порт - 42075/Участник №1
26.04.2018 13:47:25	Подключение клиента
26.04.2018 13:47:06	Отключение клиента
26.04.2018 13:47:06	Участник отключается от сеанса
26.04.2018 13:47:04	Administrator - изменил уровень привелегий
26.04.2018 13:45:46	Administrator - изменил уровень привелегий
26.04.2018 13:45:41	Administrator администратор подключился к сеансу
26.04.2018 13:45:41	Administrator подключается к сеансу
26.04.2018 13:45:36	подключение от компьютера - skrybin.urigps.domain.ru / IP-адрес - 172.16.0.96 / Порт - 42039/Участник №1
26.04.2018 13:45:36	Подключение клиента
26.04.2018 13:45:30	Запуск сервера
26.04.2018 13:45:30	Прослушиваю порт 48999 на наличие клиентов
26.04.2018 13:43:38	Участник отключается от сеанса
26.04.2018 13:43:38	Отключение клиента
26.04.2018 13:42:32	Administrator - изменил уровень привелегий
26.04.2018 13:42:29	Administrator - изменил уровень привелегий
26.04.2018 13:42:09	Administrator - изменил уровень привелегий
26.04.2018 13:42:06	Administrator администратор подключился к сеансу
26.04.2018 13:42:06	Administrator подключается к сеансу
26.04.2018 13:42:01	подключение от компьютера - skrybin.urigps.domain.ru / IP-адрес - 172.16.0.96 / Порт - 41954/Участник №1
26.04.2018 13:42:01	Подключение клиента
26.04.2018 13:41:59	Участник отключается от сеанса
26.04.2018 13:41:59	Отключение клиента
26.04.2018 13:41:54	Administrator - изменил уровень привелегий
26.04.2018 13:41:51	Administrator - изменил уровень привелегий
26.04.2018 13:41:17	Administrator администратор подключился к сеансу
26.04.2018 13:41:17	Administrator подключается к сеансу
26.04.2018 13:41:12	подключение от компьютера - skrybin.urigps.domain.ru / IP-адрес - 172.16.0.96 / Порт - 41935/Участник №1
26.04.2018 13:41:12	Подключение клиента
26.04.2018 13:41:09	Участник отключается от сеанса
26.04.2018 13:41:09	Отключение клиента
26.04.2018 13:41:00	Administrator - изменил уровень привелегий
26.04.2018 13:40:56	Administrator администратор подключился к сеансу
26.04.2018 13:40:56	Administrator подключается к сеансу
26.04.2018 13:40:51	подключение от компьютера - skrybin.urigps.domain.ru / IP-адрес - 172.16.0.96 / Порт - 41921/Участник №1
26.04.2018 13:40:51	Подключение клиента
26.04.2018 13:40:51	Участник отключается от сеанса
26.04.2018 13:40:50	Отключение клиента
26.04.2018 13:40:43	Administrator - изменил уровень привелегий
26.04.2018 13:39:23	Administrator администратор подключился к сеансу
26.04.2018 13:39:23	Administrator подключается к сеансу
26.04.2018 13:39:18	подключение от компьютера - skrybin.urigps.domain.ru / IP-адрес - 172.16.0.96 / Порт - 41893/Участник №1
26.04.2018 13:39:18	Подключение клиента
26.04.2018 13:39:08	Запуск сервера
26.04.2018 13:39:08	Прослушиваю порт 48999 на наличие клиентов
26.04.2018 13:34:32	Запуск сервера
26.04.2018 13:34:32	Прослушиваю порт 48999 на наличие клиентов
26.04.2018 13:20:48	Участник отключается от сеанса
26.04.2018 13:20:48	Отключение клиента
26.04.2018 13:20:20	Administrator - изменил уровень привелегий
26.04.2018 13:20:16	Administrator администратор подключился к сеансу
26.04.2018 13:20:16	Administrator подключается к сеансу
26.04.2018 13:20:11	подключение от компьютера - skrybin.urigps.domain.ru / IP-адрес - 172.16.0.96 / Порт - 41356/Участник №1
26.04.2018 13:20:11	Подключение клиента
26.04.2018 13:20:06	Отключение клиента
26.04.2018 13:20:05	подключение от компьютера - skrybin.urigps.domain.ru / IP-адрес - 172.16.0.96 / Порт - 41355/Участник №1
26.04.2018 13:20:05	Подключение клиента
26.04.2018 13:18:38	Запуск сервера
26.04.2018 13:18:38	Прослушиваю порт 48999 на наличие клиентов
26.04.2018 12:57:09	подключение от компьютера - skrybin.urigps.domain.ru / IP-адрес - 172.16.0.96 / Порт - 40951/Участник №1
26.04.2018 12:57:08	Подключение клиента
26.04.2018 12:57:06	Отключение клиента
26.04.2018 12:57:02	подключение от компьютера - skrybin.urigps.domain.ru / IP-адрес - 172.16.0.96 / Порт - 40946/Участник №1
26.04.2018 12:57:02	Подключение клиента
26.04.2018 12:56:59	Запуск сервера
26.04.2018 12:56:59	Прослушиваю порт 48999 на наличие клиентов
26.04.2018 12:56:39	Administrator - изменил уровень привелегий
26.04.2018 12:56:37	Administrator администратор подключился к сеансу
26.04.2018 12:56:37	Administrator подключается к сеансу
26.04.2018 12:56:33	подключение от компьютера - skrybin.urigps.domain.ru / IP-адрес - 172.16.0.96 / Порт - 40925/Участник №1
26.04.2018 12:56:33	Подключение клиента
26.04.2018 12:56:31	Участник отключается от сеанса
26.04.2018 12:56:31	Отключение клиента
26.04.2018 12:53:44	Administrator администратор подключился к сеансу
26.04.2018 12:53:44	Administrator подключается к сеансу
26.04.2018 12:53:40	подключение от компьютера - skrybin.urigps.domain.ru / IP-адрес - 172.16.0.96 / Порт - 40867/Участник №1
26.04.2018 12:53:40	Подключение клиента
26.04.2018 12:53:39	Участник отключается от сеанса
26.04.2018 12:53:39	Отключение клиента
26.04.2018 12:53:32	Administrator - изменил уровень привелегий
26.04.2018 12:53:29	Administrator администратор подключился к сеансу
26.04.2018 12:53:29	Administrator подключается к сеансу
26.04.2018 12:53:25	подключение от компьютера - skrybin.urigps.domain.ru / IP-адрес - 172.16.0.96 / Порт - 40856/Участник №1
26.04.2018 12:53:25	Подключение клиента
26.04.2018 12:53:11	Запуск сервера
26.04.2018 12:53:11	Прослушиваю порт 48999 на наличие клиентов
26.04.2018 12:53:11	Перезапуск сервера
26.04.2018 12:53:10	Ошибка подключения:  Программа на вашем хост-компьютере разорвала установленное подключение
26.04.2018 12:53:06	подключение от компьютера - skrybin.urigps.domain.ru / IP-адрес - 172.16.0.96 / Порт - 40849/Участник №1
26.04.2018 12:53:06	Подключение клиента
26.04.2018 12:53:04	Участник отключается от сеанса
26.04.2018 12:53:04	Отключение клиента
26.04.2018 12:53:04	Administrator администратор подключился к сеансу
26.04.2018 12:53:04	Administrator подключается к сеансу
26.04.2018 12:53:00	подключение от компьютера - skrybin.urigps.domain.ru / IP-адрес - 172.16.0.96 / Порт - 40844/Участник №1
26.04.2018 12:53:00	Подключение клиента
26.04.2018 12:52:59	Участник отключается от сеанса
26.04.2018 12:52:59	Отключение клиента
26.04.2018 12:52:57	Administrator администратор подключился к сеансу
26.04.2018 12:52:57	Administrator подключается к сеансу
26.04.2018 12:52:52	подключение от компьютера - skrybin.urigps.domain.ru / IP-адрес - 172.16.0.96 / Порт - 40841/Участник №1
26.04.2018 12:52:51	Подключение клиента
26.04.2018 12:52:50	Запуск сервера
26.04.2018 12:52:50	Прослушиваю порт 48999 на наличие клиентов
26.04.2018 12:52:42	Запуск сервера
26.04.2018 12:52:42	Прослушиваю порт 48999 на наличие клиентов
26.04.2018 12:52:42	Перезапуск сервера
26.04.2018 12:52:32	Запуск сервера
26.04.2018 12:52:32	Прослушиваю порт 48999 на наличие клиентов
26.04.2018 12:52:32	Перезапуск сервера
26.04.2018 12:52:30	Запуск сервера
26.04.2018 12:52:30	Прослушиваю порт 48999 на наличие клиентов
26.04.2018 12:51:32	Отключение клиента
26.04.2018 12:51:28	подключение от компьютера - skrybin.urigps.domain.ru / IP-адрес - 172.16.0.96 / Порт - 40804/Участник №2
26.04.2018 12:51:28	Подключение клиента
26.04.2018 12:51:16	Ошибка подключения:  Программа на вашем хост-компьютере разорвала установленное подключение
26.04.2018 12:51:12	подключение от компьютера - skrybin.urigps.domain.ru / IP-адрес - 172.16.0.96 / Порт - 40799/Участник №1
26.04.2018 12:51:12	Подключение клиента
26.04.2018 12:51:07	Участник отключается от сеанса
26.04.2018 12:51:07	Отключение клиента
26.04.2018 12:51:06	Administrator администратор подключился к сеансу
26.04.2018 12:51:06	Administrator подключается к сеансу
26.04.2018 12:51:01	подключение от компьютера - skrybin.urigps.domain.ru / IP-адрес - 172.16.0.96 / Порт - 40794/Участник №1
26.04.2018 12:51:01	Подключение клиента
26.04.2018 12:50:59	Запуск сервера
26.04.2018 12:50:59	Прослушиваю порт 48999 на наличие клиентов
26.04.2018 12:50:51	Запуск сервера
26.04.2018 12:50:51	Прослушиваю порт 48999 на наличие клиентов
26.04.2018 12:47:18	Отключение клиента
26.04.2018 12:47:02	подключение от компьютера - skrybin.urigps.domain.ru / IP-адрес - 172.16.0.96 / Порт - 40702/Участник №1
26.04.2018 12:47:02	Подключение клиента
26.04.2018 12:46:58	Отключение клиента
26.04.2018 12:46:54	Administrator администратор подключился к сеансу
26.04.2018 12:46:54	Administrator подключается к сеансу
26.04.2018 12:46:50	подключение от компьютера - skrybin.urigps.domain.ru / IP-адрес - 172.16.0.96 / Порт - 40695/Участник №1
26.04.2018 12:46:50	Подключение клиента
26.04.2018 12:46:47	Запуск сервера
26.04.2018 12:46:47	Прослушиваю порт 48999 на наличие клиентов
26.04.2018 12:46:07	Запуск сервера
26.04.2018 12:46:07	Прослушиваю порт 48999 на наличие клиентов
26.04.2018 12:46:07	Перезапуск сервера
26.04.2018 12:45:47	Запуск сервера
26.04.2018 12:45:47	Прослушиваю порт 48999 на наличие клиентов
26.04.2018 12:45:35	Запуск сервера
26.04.2018 12:45:35	Прослушиваю порт 48999 на наличие клиентов
26.04.2018 12:40:51	Отключение клиента
26.04.2018 12:40:48	Administrator администратор подключился к сеансу
26.04.2018 12:40:48	Administrator подключается к сеансу
26.04.2018 12:40:43	подключение от компьютера - skrybin.urigps.domain.ru / IP-адрес - 172.16.0.96 / Порт - 40549/Участник №1
26.04.2018 12:40:43	Подключение клиента
26.04.2018 12:40:38	Запуск сервера
26.04.2018 12:40:38	Прослушиваю порт 48999 на наличие клиентов
26.04.2018 12:37:02	Отключение клиента
26.04.2018 12:37:00	Administrator администратор подключился к сеансу
26.04.2018 12:37:00	Administrator подключается к сеансу
26.04.2018 12:36:56	подключение от компьютера - skrybin.urigps.domain.ru / IP-адрес - 172.16.0.96 / Порт - 40425/Участник №1
26.04.2018 12:36:56	Подключение клиента
26.04.2018 12:36:47	Запуск сервера
26.04.2018 12:36:47	Прослушиваю порт 48999 на наличие клиентов
26.04.2018 12:31:40	Administrator - изменил уровень привелегий
26.04.2018 12:31:38	Administrator администратор подключился к сеансу
26.04.2018 12:31:38	Administrator подключается к сеансу
26.04.2018 12:31:34	подключение от компьютера - skrybin.urigps.domain.ru / IP-адрес - 172.16.0.96 / Порт - 40222/Участник №1
26.04.2018 12:31:34	Подключение клиента
26.04.2018 12:31:16	Запуск сервера
26.04.2018 12:31:16	Прослушиваю порт 48999 на наличие клиентов
26.04.2018 12:30:24	Запуск сервера
26.04.2018 12:30:24	Прослушиваю порт 48999 на наличие клиентов
